<?xml version="1.0" encoding="UTF-8"?>
<testsuite xmlns:xsi="http://www.w3.org/2001/XMLSchema-instance" xsi:noNamespaceSchemaLocation="https://maven.apache.org/surefire/maven-surefire-plugin/xsd/surefire-test-report.xsd" name="org.jlab.epsci.ersap.AppTest" time="0.029" tests="1" errors="0" skipped="0" failures="0">
  <properties>
    <property name="gopherProxySet" value="false"/>
    <property name="awt.toolkit" value="sun.lwawt.macosx.LWCToolkit"/>
    <property name="file.encoding.pkg" value="sun.io"/>
    <property name="java.specification.version" value="1.8"/>
    <property name="sun.cpu.isalist" value=""/>
    <property name="sun.jnu.encoding" value="UTF-8"/>
    <property name="java.class.path" value="/Users/gurjyan/Devel/clas12_vtp/ersap-engine/target/test-classes:/Users/gurjyan/Devel/clas12_vtp/ersap-engine/target/classes:/Users/gurjyan/.m2/repository/junit/junit/4.11/junit-4.11.jar:/Users/gurjyan/.m2/repository/org/hamcrest/hamcrest-core/1.3/hamcrest-core-1.3.jar:/Users/gurjyan/.m2/repository/net/openhft/chronicle-core/2.19.72/chronicle-core-2.19.72.jar:/Users/gurjyan/.m2/repository/org/slf4j/slf4j-api/1.7.30/slf4j-api-1.7.30.jar:/Users/gurjyan/.m2/repository/org/jetbrains/annotations/19.0.0/annotations-19.0.0.jar:/Users/gurjyan/.m2/repository/net/openhft/chronicle-map/3.19.41/chronicle-map-3.19.41.jar:/Users/gurjyan/.m2/repository/com/intellij/annotations/12.0/annotations-12.0.jar:/Users/gurjyan/.m2/repository/net/openhft/chronicle-values/2.19.42/chronicle-values-2.19.42.jar:/Users/gurjyan/.m2/repository/com/squareup/javapoet/1.12.1/javapoet-1.12.1.jar:/Users/gurjyan/.m2/repository/net/openhft/chronicle-threads/2.19.50/chronicle-threads-2.19.50.jar:/Users/gurjyan/.m2/repository/net/openhft/affinity/3.2.3/affinity-3.2.3.jar:/Users/gurjyan/.m2/repository/net/openhft/chronicle-wire/2.19.50/chronicle-wire-2.19.50.jar:/Users/gurjyan/.m2/repository/net/openhft/compiler/2.3.6/compiler-2.3.6.jar:/Users/gurjyan/.m2/repository/net/openhft/chronicle-algorithms/2.19.41/chronicle-algorithms-2.19.41.jar:/Users/gurjyan/.m2/repository/net/java/dev/jna/jna/5.5.0/jna-5.5.0.jar:/Users/gurjyan/.m2/repository/net/java/dev/jna/jna-platform/5.5.0/jna-platform-5.5.0.jar:/Users/gurjyan/.m2/repository/com/thoughtworks/xstream/xstream/1.4.12/xstream-1.4.12.jar:/Users/gurjyan/.m2/repository/xmlpull/xmlpull/1.1.3.1/xmlpull-1.1.3.1.jar:/Users/gurjyan/.m2/repository/xpp3/xpp3_min/1.1.4c/xpp3_min-1.1.4c.jar:/Users/gurjyan/.m2/repository/org/codehaus/jettison/jettison/1.4.1/jettison-1.4.1.jar:/Users/gurjyan/.m2/repository/org/ops4j/pax/url/pax-url-aether/2.6.2/pax-url-aether-2.6.2.jar:/Users/gurjyan/.m2/repository/org/ops4j/pax/url/pax-url-aether-support/2.6.2/pax-url-aether-support-2.6.2.jar:/Users/gurjyan/.m2/repository/org/apache/maven/resolver/maven-resolver-impl/1.3.1/maven-resolver-impl-1.3.1.jar:/Users/gurjyan/.m2/repository/org/apache/maven/resolver/maven-resolver-api/1.3.1/maven-resolver-api-1.3.1.jar:/Users/gurjyan/.m2/repository/org/apache/maven/resolver/maven-resolver-spi/1.3.1/maven-resolver-spi-1.3.1.jar:/Users/gurjyan/.m2/repository/org/apache/maven/resolver/maven-resolver-util/1.3.1/maven-resolver-util-1.3.1.jar:/Users/gurjyan/.m2/repository/org/slf4j/jcl-over-slf4j/1.6.6/jcl-over-slf4j-1.6.6.jar:/Library/Java/JavaVirtualMachines/jdk1.8.0_152.jdk/Contents/Home/jre/../lib/tools.jar:/Users/gurjyan/.m2/repository/net/openhft/chronicle-queue/5.19.74/chronicle-queue-5.19.74.jar:/Users/gurjyan/.m2/repository/net/openhft/chronicle-bytes/2.19.72/chronicle-bytes-2.19.72.jar:/Users/gurjyan/.m2/repository/commons-cli/commons-cli/1.4/commons-cli-1.4.jar:/Users/gurjyan/.m2/repository/redis/clients/jedis/3.3.0/jedis-3.3.0.jar:/Users/gurjyan/.m2/repository/org/apache/commons/commons-pool2/2.6.2/commons-pool2-2.6.2.jar:/Users/gurjyan/.m2/repository/net/sf/jopt-simple/jopt-simple/5.0.4/jopt-simple-5.0.4.jar:/Users/gurjyan/.m2/repository/com/lmax/disruptor/3.4.2/disruptor-3.4.2.jar:"/>
    <property name="java.vm.vendor" value="Oracle Corporation"/>
    <property name="sun.arch.data.model" value="64"/>
    <property name="java.vendor.url" value="http://java.oracle.com/"/>
    <property name="user.timezone" value=""/>
    <property name="java.vm.specification.version" value="1.8"/>
    <property name="os.name" value="Mac OS X"/>
    <property name="user.country" value="US"/>
    <property name="sun.java.launcher" value="SUN_STANDARD"/>
    <property name="sun.boot.library.path" value="/Library/Java/JavaVirtualMachines/jdk1.8.0_152.jdk/Contents/Home/jre/lib"/>
    <property name="sun.java.command" value="/Users/gurjyan/Devel/clas12_vtp/ersap-engine/target/surefire/surefirebooter7415228537492851072.jar /Users/gurjyan/Devel/clas12_vtp/ersap-engine/target/surefire 2020-08-26T12-43-25_492-jvmRun1 surefire5769496532623845544tmp surefire_02376936613448454242tmp"/>
    <property name="surefire.test.class.path" value="/Users/gurjyan/Devel/clas12_vtp/ersap-engine/target/test-classes:/Users/gurjyan/Devel/clas12_vtp/ersap-engine/target/classes:/Users/gurjyan/.m2/repository/junit/junit/4.11/junit-4.11.jar:/Users/gurjyan/.m2/repository/org/hamcrest/hamcrest-core/1.3/hamcrest-core-1.3.jar:/Users/gurjyan/.m2/repository/net/openhft/chronicle-core/2.19.72/chronicle-core-2.19.72.jar:/Users/gurjyan/.m2/repository/org/slf4j/slf4j-api/1.7.30/slf4j-api-1.7.30.jar:/Users/gurjyan/.m2/repository/org/jetbrains/annotations/19.0.0/annotations-19.0.0.jar:/Users/gurjyan/.m2/repository/net/openhft/chronicle-map/3.19.41/chronicle-map-3.19.41.jar:/Users/gurjyan/.m2/repository/com/intellij/annotations/12.0/annotations-12.0.jar:/Users/gurjyan/.m2/repository/net/openhft/chronicle-values/2.19.42/chronicle-values-2.19.42.jar:/Users/gurjyan/.m2/repository/com/squareup/javapoet/1.12.1/javapoet-1.12.1.jar:/Users/gurjyan/.m2/repository/net/openhft/chronicle-threads/2.19.50/chronicle-threads-2.19.50.jar:/Users/gurjyan/.m2/repository/net/openhft/affinity/3.2.3/affinity-3.2.3.jar:/Users/gurjyan/.m2/repository/net/openhft/chronicle-wire/2.19.50/chronicle-wire-2.19.50.jar:/Users/gurjyan/.m2/repository/net/openhft/compiler/2.3.6/compiler-2.3.6.jar:/Users/gurjyan/.m2/repository/net/openhft/chronicle-algorithms/2.19.41/chronicle-algorithms-2.19.41.jar:/Users/gurjyan/.m2/repository/net/java/dev/jna/jna/5.5.0/jna-5.5.0.jar:/Users/gurjyan/.m2/repository/net/java/dev/jna/jna-platform/5.5.0/jna-platform-5.5.0.jar:/Users/gurjyan/.m2/repository/com/thoughtworks/xstream/xstream/1.4.12/xstream-1.4.12.jar:/Users/gurjyan/.m2/repository/xmlpull/xmlpull/1.1.3.1/xmlpull-1.1.3.1.jar:/Users/gurjyan/.m2/repository/xpp3/xpp3_min/1.1.4c/xpp3_min-1.1.4c.jar:/Users/gurjyan/.m2/repository/org/codehaus/jettison/jettison/1.4.1/jettison-1.4.1.jar:/Users/gurjyan/.m2/repository/org/ops4j/pax/url/pax-url-aether/2.6.2/pax-url-aether-2.6.2.jar:/Users/gurjyan/.m2/repository/org/ops4j/pax/url/pax-url-aether-support/2.6.2/pax-url-aether-support-2.6.2.jar:/Users/gurjyan/.m2/repository/org/apache/maven/resolver/maven-resolver-impl/1.3.1/maven-resolver-impl-1.3.1.jar:/Users/gurjyan/.m2/repository/org/apache/maven/resolver/maven-resolver-api/1.3.1/maven-resolver-api-1.3.1.jar:/Users/gurjyan/.m2/repository/org/apache/maven/resolver/maven-resolver-spi/1.3.1/maven-resolver-spi-1.3.1.jar:/Users/gurjyan/.m2/repository/org/apache/maven/resolver/maven-resolver-util/1.3.1/maven-resolver-util-1.3.1.jar:/Users/gurjyan/.m2/repository/org/slf4j/jcl-over-slf4j/1.6.6/jcl-over-slf4j-1.6.6.jar:/Library/Java/JavaVirtualMachines/jdk1.8.0_152.jdk/Contents/Home/jre/../lib/tools.jar:/Users/gurjyan/.m2/repository/net/openhft/chronicle-queue/5.19.74/chronicle-queue-5.19.74.jar:/Users/gurjyan/.m2/repository/net/openhft/chronicle-bytes/2.19.72/chronicle-bytes-2.19.72.jar:/Users/gurjyan/.m2/repository/commons-cli/commons-cli/1.4/commons-cli-1.4.jar:/Users/gurjyan/.m2/repository/redis/clients/jedis/3.3.0/jedis-3.3.0.jar:/Users/gurjyan/.m2/repository/org/apache/commons/commons-pool2/2.6.2/commons-pool2-2.6.2.jar:/Users/gurjyan/.m2/repository/net/sf/jopt-simple/jopt-simple/5.0.4/jopt-simple-5.0.4.jar:/Users/gurjyan/.m2/repository/com/lmax/disruptor/3.4.2/disruptor-3.4.2.jar:"/>
    <property name="sun.cpu.endian" value="little"/>
    <property name="user.home" value="/Users/gurjyan"/>
    <property name="user.language" value="en"/>
    <property name="java.specification.vendor" value="Oracle Corporation"/>
    <property name="java.home" value="/Library/Java/JavaVirtualMachines/jdk1.8.0_152.jdk/Contents/Home/jre"/>
    <property name="basedir" value="/Users/gurjyan/Devel/clas12_vtp/ersap-engine"/>
    <property name="file.separator" value="/"/>
    <property name="line.separator" value="&#10;"/>
    <property name="java.vm.specification.vendor" value="Oracle Corporation"/>
    <property name="java.specification.name" value="Java Platform API Specification"/>
    <property name="java.awt.graphicsenv" value="sun.awt.CGraphicsEnvironment"/>
    <property name="surefire.real.class.path" value="/Users/gurjyan/Devel/clas12_vtp/ersap-engine/target/surefire/surefirebooter7415228537492851072.jar"/>
    <property name="sun.boot.class.path" value="/Library/Java/JavaVirtualMachines/jdk1.8.0_152.jdk/Contents/Home/jre/lib/resources.jar:/Library/Java/JavaVirtualMachines/jdk1.8.0_152.jdk/Contents/Home/jre/lib/rt.jar:/Library/Java/JavaVirtualMachines/jdk1.8.0_152.jdk/Contents/Home/jre/lib/sunrsasign.jar:/Library/Java/JavaVirtualMachines/jdk1.8.0_152.jdk/Contents/Home/jre/lib/jsse.jar:/Library/Java/JavaVirtualMachines/jdk1.8.0_152.jdk/Contents/Home/jre/lib/jce.jar:/Library/Java/JavaVirtualMachines/jdk1.8.0_152.jdk/Contents/Home/jre/lib/charsets.jar:/Library/Java/JavaVirtualMachines/jdk1.8.0_152.jdk/Contents/Home/jre/lib/jfr.jar:/Library/Java/JavaVirtualMachines/jdk1.8.0_152.jdk/Contents/Home/jre/classes"/>
    <property name="sun.management.compiler" value="HotSpot 64-Bit Tiered Compilers"/>
    <property name="java.runtime.version" value="1.8.0_152-b16"/>
    <property name="user.name" value="gurjyan"/>
    <property name="path.separator" value=":"/>
    <property name="os.version" value="10.15.6"/>
    <property name="java.endorsed.dirs" value="/Library/Java/JavaVirtualMachines/jdk1.8.0_152.jdk/Contents/Home/jre/lib/endorsed"/>
    <property name="java.runtime.name" value="Java(TM) SE Runtime Environment"/>
    <property name="file.encoding" value="UTF-8"/>
    <property name="java.vm.name" value="Java HotSpot(TM) 64-Bit Server VM"/>
    <property name="localRepository" value="/Users/gurjyan/.m2/repository"/>
    <property name="java.vendor.url.bug" value="http://bugreport.sun.com/bugreport/"/>
    <property name="java.io.tmpdir" value="/var/folders/t1/bm0q5msx3j18hq32mp3qdlzh0001w5/T/"/>
    <property name="java.version" value="1.8.0_152"/>
    <property name="user.dir" value="/Users/gurjyan/Devel/clas12_vtp/ersap-engine"/>
    <property name="os.arch" value="x86_64"/>
    <property name="java.vm.specification.name" value="Java Virtual Machine Specification"/>
    <property name="java.awt.printerjob" value="sun.lwawt.macosx.CPrinterJob"/>
    <property name="sun.os.patch.level" value="unknown"/>
    <property name="java.library.path" value="/Users/gurjyan/Library/Java/Extensions:/Library/Java/Extensions:/Network/Library/Java/Extensions:/System/Library/Java/Extensions:/usr/lib/java:."/>
    <property name="java.vm.info" value="mixed mode"/>
    <property name="java.vendor" value="Oracle Corporation"/>
    <property name="java.vm.version" value="25.152-b16"/>
    <property name="java.ext.dirs" value="/Users/gurjyan/Library/Java/Extensions:/Library/Java/JavaVirtualMachines/jdk1.8.0_152.jdk/Contents/Home/jre/lib/ext:/Library/Java/Extensions:/Network/Library/Java/Extensions:/System/Library/Java/Extensions:/usr/lib/java"/>
    <property name="sun.io.unicode.encoding" value="UnicodeBig"/>
    <property name="java.class.version" value="52.0"/>
  </properties>
  <testcase name="shouldAnswerWithTrue" classname="org.jlab.epsci.ersap.AppTest" time="0.002"/>
</testsuite>